<?xml version="1.0" encoding="UTF-8"?>
<coverage generated="1712656002950" clover="3.2.0">
  <project timestamp="1712656002950" name="All files">
    <metrics statements="14" coveredstatements="14" conditionals="7" coveredconditionals="7" methods="5" coveredmethods="5" elements="26" coveredelements="26" complexity="0" loc="14" ncloc="14" packages="1" files="3" classes="3"/>
    <file name="App.jsx" path="C:/Users/hoppes1/IdeaProjects/react-course/my-app-name/src/App.jsx">
      <metrics statements="4" coveredstatements="4" conditionals="3" coveredconditionals="3" methods="2" coveredmethods="2"/>
      <line num="1" count="8" type="cond" truecount="3" falsecount="0"/>
      <line num="4" count="3" type="stmt"/>
      <line num="13" count="1" type="stmt"/>
      <line num="15" count="1" type="stmt"/>
    </file>
    <file name="FancyTextField.jsx" path="C:/Users/hoppes1/IdeaProjects/react-course/my-app-name/src/FancyTextField.jsx">
      <metrics statements="9" coveredstatements="9" conditionals="4" coveredconditionals="4" methods="3" coveredmethods="3"/>
      <line num="1" count="9" type="cond" truecount="3" falsecount="0"/>
      <line num="4" count="22" type="cond" truecount="1" falsecount="0"/>
      <line num="5" count="22" type="stmt"/>
      <line num="7" count="22" type="stmt"/>
      <line num="8" count="9" type="stmt"/>
      <line num="9" count="9" type="stmt"/>
      <line num="12" count="22" type="stmt"/>
      <line num="21" count="1" type="stmt"/>
      <line num="22" count="1" type="stmt"/>
    </file>
    <file name="main.jsx" path="C:/Users/hoppes1/IdeaProjects/react-course/my-app-name/src/main.jsx">
      <metrics statements="1" coveredstatements="1" conditionals="0" coveredconditionals="0" methods="0" coveredmethods="0"/>
      <line num="5" count="1" type="stmt"/>
    </file>
  </project>
</coverage>
