{"C:/Users/hoppes1/IdeaProjects/react-course/my-app-name/src/App.jsx": {"path":"C:/Users/hoppes1/IdeaProjects/react-course/my-app-name/src/App.jsx","statementMap":{"0":{"start":{"line":1,"column":49},"end":{"line":1,"column":null}},"1":{"start":{"line":4,"column":2},"end":{"line":11,"column":null}},"2":{"start":{"line":13,"column":1},"end":{"line":3,"column":15}},"3":{"start":{"line":15,"column":19},"end":{"line":15,"column":null}}},"fnMap":{"0":{"name":"(anonymous_0)","decl":{"start":{"line":1,"column":49},"end":{"line":1,"column":null}},"loc":{"start":{"line":1,"column":49},"end":{"line":1,"column":null}}},"1":{"name":"App","decl":{"start":{"line":3,"column":9},"end":{"line":3,"column":15}},"loc":{"start":{"line":3,"column":15},"end":{"line":13,"column":1}}}},"branchMap":{"0":{"loc":{"start":{"line":1,"column":49},"end":{"line":1,"column":null}},"type":"binary-expr","locations":[{"start":{"line":1,"column":49},"end":{"line":1,"column":null}},{"start":{"line":1,"column":49},"end":{"line":1,"column":null}}]},"1":{"loc":{"start":{"line":1,"column":49},"end":{"line":1,"column":null}},"type":"if","locations":[{"start":{"line":1,"column":49},"end":{"line":1,"column":null}}]}},"s":{"0":8,"1":3,"2":1,"3":1},"f":{"0":1,"1":3},"b":{"0":[2,1],"1":[1]}}
,"C:/Users/hoppes1/IdeaProjects/react-course/my-app-name/src/FancyTextField.jsx": {"path":"C:/Users/hoppes1/IdeaProjects/react-course/my-app-name/src/FancyTextField.jsx","statementMap":{"0":{"start":{"line":1,"column":41},"end":{"line":1,"column":null}},"1":{"start":{"line":4,"column":23},"end":{"line":21,"column":2}},"2":{"start":{"line":4,"column":49},"end":{"line":4,"column":null}},"3":{"start":{"line":5,"column":36},"end":{"line":5,"column":null}},"4":{"start":{"line":7,"column":19},"end":{"line":10,"column":null}},"5":{"start":{"line":8,"column":17},"end":{"line":8,"column":null}},"6":{"start":{"line":9,"column":4},"end":{"line":9,"column":null}},"7":{"start":{"line":12,"column":2},"end":{"line":19,"column":null}},"8":{"start":{"line":21,"column":2},"end":{"line":4,"column":23}},"9":{"start":{"line":4,"column":20},"end":{"line":null,"column":-1}},"10":{"start":{"line":22,"column":30},"end":{"line":22,"column":null}}},"fnMap":{"0":{"name":"(anonymous_0)","decl":{"start":{"line":1,"column":41},"end":{"line":1,"column":null}},"loc":{"start":{"line":1,"column":41},"end":{"line":1,"column":null}}},"1":{"name":"(anonymous_1)","decl":{"start":{"line":4,"column":23},"end":{"line":4,"column":24}},"loc":{"start":{"line":4,"column":49},"end":{"line":21,"column":2}}},"2":{"name":"(anonymous_2)","decl":{"start":{"line":7,"column":19},"end":{"line":7,"column":20}},"loc":{"start":{"line":7,"column":30},"end":{"line":10,"column":null}}}},"branchMap":{"0":{"loc":{"start":{"line":1,"column":41},"end":{"line":1,"column":null}},"type":"binary-expr","locations":[{"start":{"line":1,"column":41},"end":{"line":1,"column":null}},{"start":{"line":1,"column":41},"end":{"line":1,"column":null}}]},"1":{"loc":{"start":{"line":1,"column":41},"end":{"line":1,"column":null}},"type":"if","locations":[{"start":{"line":1,"column":41},"end":{"line":1,"column":null}}]},"2":{"loc":{"start":{"line":4,"column":33},"end":{"line":4,"column":43}},"type":"default-arg","locations":[{"start":{"line":4,"column":41},"end":{"line":4,"column":43}}]}},"s":{"0":9,"1":1,"2":22,"3":22,"4":22,"5":9,"6":9,"7":22,"8":1,"9":1,"10":1},"f":{"0":1,"1":22,"2":9},"b":{"0":[2,1],"1":[1],"2":[20]}}
,"C:/Users/hoppes1/IdeaProjects/react-course/my-app-name/src/main.jsx": {"path":"C:/Users/hoppes1/IdeaProjects/react-course/my-app-name/src/main.jsx","statementMap":{"0":{"start":{"line":5,"column":0},"end":{"line":9,"column":null}}},"fnMap":{},"branchMap":{},"s":{"0":1},"f":{},"b":{}}
}
