TN:
SF:src\App.jsx
FN:1,(anonymous_0)
FN:3,App
FNF:2
FNH:2
FNDA:1,(anonymous_0)
FNDA:3,App
DA:1,8
DA:4,3
DA:13,1
DA:15,1
LF:4
LH:4
BRDA:1,0,0,2
BRDA:1,0,1,1
BRDA:1,1,0,1
BRF:3
BRH:3
end_of_record
TN:
SF:src\FancyTextField.jsx
FN:1,(anonymous_0)
FN:4,(anonymous_1)
FN:7,(anonymous_2)
FNF:3
FNH:3
FNDA:1,(anonymous_0)
FNDA:22,(anonymous_1)
FNDA:9,(anonymous_2)
DA:1,9
DA:4,22
DA:5,22
DA:7,22
DA:8,9
DA:9,9
DA:12,22
DA:21,1
DA:22,1
LF:9
LH:9
BRDA:1,0,0,2
BRDA:1,0,1,1
BRDA:1,1,0,1
BRDA:4,2,0,20
BRF:4
BRH:4
end_of_record
TN:
SF:src\main.jsx
FNF:0
FNH:0
DA:5,1
LF:1
LH:1
BRF:0
BRH:0
end_of_record
